{
  "stats": {
    "suites": 1,
    "tests": 5,
    "passes": 5,
    "pending": 0,
    "failures": 0,
    "start": "2022-04-26T21:19:45.314Z",
    "end": "2022-04-26T21:19:56.555Z",
    "duration": 11241,
    "testsRegistered": 5,
    "passPercent": 100,
    "pendingPercent": 0,
    "other": 0,
    "hasOther": false,
    "skipped": 0,
    "hasSkipped": false
  },
  "results": [
    {
      "uuid": "2761af23-d389-4748-9c35-a4a066b32123",
      "title": "",
      "fullFile": "cypress/integration/alurapic/alurapic.spec.js",
      "file": "cypress/integration/alurapic/alurapic.spec.js",
      "beforeHooks": [],
      "afterHooks": [],
      "tests": [],
      "suites": [
        {
          "uuid": "6877f031-a6d3-4704-b3d2-605f6a0f13af",
          "title": "Login e registro de usuarios alura pic",
          "fullFile": "",
          "file": "",
          "beforeHooks": [],
          "afterHooks": [],
          "tests": [
            {
              "title": "verifica mensagens validacao",
              "fullTitle": "Login e registro de usuarios alura pic verifica mensagens validacao",
              "timedOut": null,
              "duration": 3251,
              "state": "passed",
              "speed": "fast",
              "pass": true,
              "fail": false,
              "pending": false,
              "context": null,
              "code": "cy.contains(\"a\", \"Register now\").click();\ncy.contains(\"button\", \"Register\").click();\ncy.contains(\"ap-vmessage\", \"Email is required!\").should(\"be.visible\");\ncy.contains(\"button\", \"Register\").click();\ncy.contains(\"ap-vmessage\", \"User name is required!\").should(\"be.visible\");\ncy.contains(\"ap-vmessage\", \"Password is required!\").should(\"be.visible\");\ncy.contains(\"ap-vmessage\", \"Full name is required!\").should(\"be.visible\");",
              "err": {},
              "uuid": "3d065b74-affd-4b1c-9324-95cb2c58f6e2",
              "parentUUID": "6877f031-a6d3-4704-b3d2-605f6a0f13af",
              "isHook": false,
              "skipped": false
            },
            {
              "title": "verifica mensagens de email invalido",
              "fullTitle": "Login e registro de usuarios alura pic verifica mensagens de email invalido",
              "timedOut": null,
              "duration": 1326,
              "state": "passed",
              "speed": "fast",
              "pass": true,
              "fail": false,
              "pending": false,
              "context": null,
              "code": "cy.contains(\"a\", \"Register now\").click();\ncy.contains(\"button\", \"Register\").click();\ncy.get('input[formcontrolname=\"email\"]').type(\"teste\");\ncy.contains(\"ap-vmessage\", \"Invalid e-mail\").should(\"be.visible\");",
              "err": {},
              "uuid": "e67812b1-4288-4812-b3ba-fca16f273a6a",
              "parentUUID": "6877f031-a6d3-4704-b3d2-605f6a0f13af",
              "isHook": false,
              "skipped": false
            },
            {
              "title": "verifica mensagens de senha com menos de 8 caracteres",
              "fullTitle": "Login e registro de usuarios alura pic verifica mensagens de senha com menos de 8 caracteres",
              "timedOut": null,
              "duration": 1354,
              "state": "passed",
              "speed": "fast",
              "pass": true,
              "fail": false,
              "pending": false,
              "context": null,
              "code": "cy.contains(\"a\", \"Register now\").click();\ncy.contains(\"button\", \"Register\").click();\ncy.get('input[formcontrolname=\"password\"]').type(\"123\");\ncy.contains(\"button\", \"Register\").click();\ncy.contains(\"ap-vmessage\", \"Mininum length is 8\").should(\"be.visible\");",
              "err": {},
              "uuid": "4943df22-833c-4cc4-9ae1-6a8dd228652b",
              "parentUUID": "6877f031-a6d3-4704-b3d2-605f6a0f13af",
              "isHook": false,
              "skipped": false
            },
            {
              "title": "verifica nome de usuario com menos de 2 caracteres",
              "fullTitle": "Login e registro de usuarios alura pic verifica nome de usuario com menos de 2 caracteres",
              "timedOut": null,
              "duration": 1393,
              "state": "passed",
              "speed": "fast",
              "pass": true,
              "fail": false,
              "pending": false,
              "context": null,
              "code": "cy.contains(\"a\", \"Register now\").click();\ncy.contains(\"button\", \"Register\").click();\ncy.get('input[formcontrolname=\"fullName\"]').type(\"c\");\ncy.contains(\"button\", \"Register\").click();\ncy.contains(\"ap-vmessage\", \"Mininum length is 2\").should(\"be.visible\");",
              "err": {},
              "uuid": "89f74b2b-4196-48c5-b914-0e054700afd2",
              "parentUUID": "6877f031-a6d3-4704-b3d2-605f6a0f13af",
              "isHook": false,
              "skipped": false
            },
            {
              "title": "verifica username está em letras minúsculas",
              "fullTitle": "Login e registro de usuarios alura pic verifica username está em letras minúsculas",
              "timedOut": null,
              "duration": 1326,
              "state": "passed",
              "speed": "fast",
              "pass": true,
              "fail": false,
              "pending": false,
              "context": null,
              "code": "cy.contains(\"a\", \"Register now\").click();\ncy.contains(\"button\", \"Register\").click();\ncy.get('input[formcontrolname=\"userName\"]').type(\"MAIA\");\ncy.contains(\"button\", \"Register\").click();\ncy.contains(\"ap-vmessage\", \"Must be lower case\").should(\"be.visible\");",
              "err": {},
              "uuid": "01324daa-5a4d-4eba-b43c-17efb53b16a3",
              "parentUUID": "6877f031-a6d3-4704-b3d2-605f6a0f13af",
              "isHook": false,
              "skipped": false
            }
          ],
          "suites": [],
          "passes": [
            "3d065b74-affd-4b1c-9324-95cb2c58f6e2",
            "e67812b1-4288-4812-b3ba-fca16f273a6a",
            "4943df22-833c-4cc4-9ae1-6a8dd228652b",
            "89f74b2b-4196-48c5-b914-0e054700afd2",
            "01324daa-5a4d-4eba-b43c-17efb53b16a3"
          ],
          "failures": [],
          "pending": [],
          "skipped": [],
          "duration": 8650,
          "root": false,
          "rootEmpty": false,
          "_timeout": 2000
        }
      ],
      "passes": [],
      "failures": [],
      "pending": [],
      "skipped": [],
      "duration": 0,
      "root": true,
      "rootEmpty": true,
      "_timeout": 2000
    }
  ],
  "meta": {
    "mocha": {
      "version": "7.0.1"
    },
    "mochawesome": {
      "options": {
        "quiet": false,
        "reportFilename": "mochawesome",
        "saveHtml": true,
        "saveJson": true,
        "consoleReporter": "spec",
        "useInlineDiffs": false,
        "code": true
      },
      "version": "7.1.3"
    },
    "marge": {
      "options": {
        "reportDir": "cypress/reports/mochawesome-report",
        "overwrite": true,
        "html": true,
        "json": true,
        "timestamp": "mmddyyyy_HHMMss"
      },
      "version": "6.2.0"
    }
  }
}